Got "GET / HTTP/1.1
Host: localhost:8080
Connection: keep-alive
Upgrade-Insecure-Requests: 1
User-Agent: Mozilla/5.0 (Macintosh; Intel Mac OS X 10_15_0) AppleWebKit/537.36 (KHTML, like Gecko) Chrome/80.0.3987.149 Safari/537.36
Sec-Fetch-Dest: document
Accept: text/html,application/xhtml+xml,application/xml;q=0.9,image/webp,image/apng,*/*;q=0.8,application/signed-exchange;v=b3;q=0.9
Purpose: prefetch
Sec-Fetch-Site: none
Sec-Fetch-Mode: navigate
Sec-Fetch-User: ?1
Accept-Encoding: gzip, deflate, br
Accept-Language: en-US,en;q=0.9

" from socket 9
Got "GET /images/05_01.gif HTTP/1.1
Host: localhost:8080
Connection: keep-alive
User-Agent: Mozilla/5.0 (Macintosh; Intel Mac OS X 10_15_0) AppleWebKit/537.36 (KHTML, like Gecko) Chrome/80.0.3987.149 Safari/537.36
Sec-Fetch-Dest: image
Accept: image/webp,image/apng,image/*,*/*;q=0.8
Purpose: prefetch
Sec-Fetch-Site: same-origin
Sec-Fetch-Mode: no-cors
Referer: http://localhost:8080/
Accept-Encoding: gzip, deflate, br
Accept-Language: en-US,en;q=0.9

" from socket 10
Got "GET /images/05_02.gif HTTP/1.1
Host: localhost:8080
Connection: keep-alive
User-Agent: Mozilla/5.0 (Macintosh; Intel Mac OS X 10_15_0) AppleWebKit/537.36 (KHTML, like Gecko) Chrome/80.0.3987.149 Safari/537.36
Sec-Fetch-Dest: image
Accept: image/webp,image/apng,image/*,*/*;q=0.8
Purpose: prefetch
Sec-Fetch-Site: same-origin
Sec-Fetch-Mode: no-cors
Referer: http://localhost:8080/
Accept-Encoding: gzip, deflate, br
Accept-Language: en-US,en;q=0.9

" from socket 9
Got "GET /images/05_03.gif HTTP/1.1
Host: localhost:8080
Connection: keep-alive
User-Agent: Mozilla/5.0 (Macintosh; Intel Mac OS X 10_15_0) AppleWebKit/537.36 (KHTML, like Gecko) Chrome/80.0.3987.149 Safari/537.36
Sec-Fetch-Dest: image
Accept: image/webp,image/apng,image/*,*/*;q=0.8
Purpose: prefetch
Sec-Fetch-Site: same-origin
Sec-Fetch-Mode: no-cors
Referer: http://localhost:8080/
Accept-Encoding: gzip, deflate, br
Accept-Language: en-US,en;q=0.9

" from socket 10
Got "GET /images/05_04.gif HTTP/1.1
Host: localhost:8080
Connection: keep-alive
User-Agent: Mozilla/5.0 (Macintosh; Intel Mac OS X 10_15_0) AppleWebKit/537.36 (KHTML, like Gecko) Chrome/80.0.3987.149 Safari/537.36
Sec-Fetch-Dest: image
Accept: image/webp,image/apng,image/*,*/*;q=0.8
Purpose: prefetch
Sec-Fetch-Site: same-origin
Sec-Fetch-Mode: no-cors
Referer: http://localhost:8080/
Accept-Encoding: gzip, deflate, br
Accept-Language: en-US,en;q=0.9

" from socket 12
Got "GET /images/05_05.gif HTTP/1.1
Host: localhost:8080
Connection: keep-alive
User-Agent: Mozilla/5.0 (Macintosh; Intel Mac OS X 10_15_0) AppleWebKit/537.36 (KHTML, like Gecko) Chrome/80.0.3987.149 Safari/537.36
Sec-Fetch-Dest: image
Accept: image/webp,image/apng,image/*,*/*;q=0.8
Purpose: prefetch
Sec-Fetch-Site: same-origin
Sec-Fetch-Mode: no-cors
Referer: http://localhost:8080/
Accept-Encoding: gzip, deflate, br
Accept-Language: en-US,en;q=0.9

" from socket 13
Got "GET /images/05_06.gif HTTP/1.1
Host: localhost:8080
Connection: keep-alive
User-Agent: Mozilla/5.0 (Macintosh; Intel Mac OS X 10_15_0) AppleWebKit/537.36 (KHTML, like Gecko) Chrome/80.0.3987.149 Safari/537.36
Sec-Fetch-Dest: image
Accept: image/webp,image/apng,image/*,*/*;q=0.8
Purpose: prefetch
Sec-Fetch-Site: same-origin
Sec-Fetch-Mode: no-cors
Referer: http://localhost:8080/
Accept-Encoding: gzip, deflate, br
Accept-Language: en-US,en;q=0.9

" from socket 9
Got "GET /images/05_07.gif HTTP/1.1
Host: localhost:8080
Connection: keep-alive
User-Agent: Mozilla/5.0 (Macintosh; Intel Mac OS X 10_15_0) AppleWebKit/537.36 (KHTML, like Gecko) Chrome/80.0.3987.149 Safari/537.36
Sec-Fetch-Dest: image
Accept: image/webp,image/apng,image/*,*/*;q=0.8
Purpose: prefetch
Sec-Fetch-Site: same-origin
Sec-Fetch-Mode: no-cors
Referer: http://localhost:8080/
Accept-Encoding: gzip, deflate, br
Accept-Language: en-US,en;q=0.9

" from socket 9
Got "GET /images/05_08.gif HTTP/1.1
Host: localhost:8080
Connection: keep-alive
User-Agent: Mozilla/5.0 (Macintosh; Intel Mac OS X 10_15_0) AppleWebKit/537.36 (KHTML, like Gecko) Chrome/80.0.3987.149 Safari/537.36
Sec-Fetch-Dest: image
Accept: image/webp,image/apng,image/*,*/*;q=0.8
Purpose: prefetch
Sec-Fetch-Site: same-origin
Sec-Fetch-Mode: no-cors
Referer: http://localhost:8080/
Accept-Encoding: gzip, deflate, br
Accept-Language: en-US,en;q=0.9

" from socket 10
Got "GET /images/05_09.gif HTTP/1.1
Host: localhost:8080
Connection: keep-alive
User-Agent: Mozilla/5.0 (Macintosh; Intel Mac OS X 10_15_0) AppleWebKit/537.36 (KHTML, like Gecko) Chrome/80.0.3987.149 Safari/537.36
Sec-Fetch-Dest: image
Accept: image/webp,image/apng,image/*,*/*;q=0.8
Purpose: prefetch
Sec-Fetch-Site: same-origin
Sec-Fetch-Mode: no-cors
Referer: http://localhost:8080/
Accept-Encoding: gzip, deflate, br
Accept-Language: en-US,en;q=0.9

" from socket 9
Got "GET /images/05_10.gif HTTP/1.1
Host: localhost:8080
Connection: keep-alive
User-Agent: Mozilla/5.0 (Macintosh; Intel Mac OS X 10_15_0) AppleWebKit/537.36 (KHTML, like Gecko) Chrome/80.0.3987.149 Safari/537.36
Sec-Fetch-Dest: image
Accept: image/webp,image/apng,image/*,*/*;q=0.8
Purpose: prefetch
Sec-Fetch-Site: same-origin
Sec-Fetch-Mode: no-cors
Referer: http://localhost:8080/
Accept-Encoding: gzip, deflate, br
Accept-Language: en-US,en;q=0.9

" from socket 12
Got "GET /main.htm HTTP/1.1
Host: localhost:8080
Connection: keep-alive
Upgrade-Insecure-Requests: 1
User-Agent: Mozilla/5.0 (Macintosh; Intel Mac OS X 10_15_0) AppleWebKit/537.36 (KHTML, like Gecko) Chrome/80.0.3987.149 Safari/537.36
Sec-Fetch-Dest: iframe
Accept: text/html,application/xhtml+xml,application/xml;q=0.9,image/webp,image/apng,*/*;q=0.8,application/signed-exchange;v=b3;q=0.9
Sec-Fetch-Site: same-origin
Sec-Fetch-Mode: navigate
Referer: http://localhost:8080/
Accept-Encoding: gzip, deflate, br
Accept-Language: en-US,en;q=0.9

" from socket 9
Got "GET /images/05_04-over.gif HTTP/1.1
Host: localhost:8080
Connection: keep-alive
User-Agent: Mozilla/5.0 (Macintosh; Intel Mac OS X 10_15_0) AppleWebKit/537.36 (KHTML, like Gecko) Chrome/80.0.3987.149 Safari/537.36
Sec-Fetch-Dest: image
Accept: image/webp,image/apng,image/*,*/*;q=0.8
Sec-Fetch-Site: same-origin
Sec-Fetch-Mode: no-cors
Referer: http://localhost:8080/
Accept-Encoding: gzip, deflate, br
Accept-Language: en-US,en;q=0.9

" from socket 10
Got "GET /images/05_06-over.gif HTTP/1.1
Host: localhost:8080
Connection: keep-alive
User-Agent: Mozilla/5.0 (Macintosh; Intel Mac OS X 10_15_0) AppleWebKit/537.36 (KHTML, like Gecko) Chrome/80.0.3987.149 Safari/537.36
Sec-Fetch-Dest: image
Accept: image/webp,image/apng,image/*,*/*;q=0.8
Sec-Fetch-Site: same-origin
Sec-Fetch-Mode: no-cors
Referer: http://localhost:8080/
Accept-Encoding: gzip, deflate, br
Accept-Language: en-US,en;q=0.9

" from socket 9
Got "GET /images/05_07-over.gif HTTP/1.1
Host: localhost:8080
Connection: keep-alive
User-Agent: Mozilla/5.0 (Macintosh; Intel Mac OS X 10_15_0) AppleWebKit/537.36 (KHTML, like Gecko) Chrome/80.0.3987.149 Safari/537.36
Sec-Fetch-Dest: image
Accept: image/webp,image/apng,image/*,*/*;q=0.8
Sec-Fetch-Site: same-origin
Sec-Fetch-Mode: no-cors
Referer: http://localhost:8080/
Accept-Encoding: gzip, deflate, br
Accept-Language: en-US,en;q=0.9

" from socket 10
Got "GET /images/05_08-over.gif HTTP/1.1
Host: localhost:8080
Connection: keep-alive
User-Agent: Mozilla/5.0 (Macintosh; Intel Mac OS X 10_15_0) AppleWebKit/537.36 (KHTML, like Gecko) Chrome/80.0.3987.149 Safari/537.36
Sec-Fetch-Dest: image
Accept: image/webp,image/apng,image/*,*/*;q=0.8
Sec-Fetch-Site: same-origin
Sec-Fetch-Mode: no-cors
Referer: http://localhost:8080/
Accept-Encoding: gzip, deflate, br
Accept-Language: en-US,en;q=0.9

" from socket 9
Got "GET /images/05_06-over.gif HTTP/1.1
Host: localhost:8080
Connection: keep-alive
User-Agent: Mozilla/5.0 (Macintosh; Intel Mac OS X 10_15_0) AppleWebKit/537.36 (KHTML, like Gecko) Chrome/80.0.3987.149 Safari/537.36
Sec-Fetch-Dest: image
Accept: image/webp,image/apng,image/*,*/*;q=0.8
Sec-Fetch-Site: same-origin
Sec-Fetch-Mode: no-cors
Referer: http://localhost:8080/
Accept-Encoding: gzip, deflate, br
Accept-Language: en-US,en;q=0.9

" from socket 9
Got "GET /images/05_07-over.gif HTTP/1.1
Host: localhost:8080
Connection: keep-alive
User-Agent: Mozilla/5.0 (Macintosh; Intel Mac OS X 10_15_0) AppleWebKit/537.36 (KHTML, like Gecko) Chrome/80.0.3987.149 Safari/537.36
Sec-Fetch-Dest: image
Accept: image/webp,image/apng,image/*,*/*;q=0.8
Sec-Fetch-Site: same-origin
Sec-Fetch-Mode: no-cors
Referer: http://localhost:8080/
Accept-Encoding: gzip, deflate, br
Accept-Language: en-US,en;q=0.9

" from socket 9
Got "GET /images/05_06.gif HTTP/1.1
Host: localhost:8080
Connection: keep-alive
User-Agent: Mozilla/5.0 (Macintosh; Intel Mac OS X 10_15_0) AppleWebKit/537.36 (KHTML, like Gecko) Chrome/80.0.3987.149 Safari/537.36
Sec-Fetch-Dest: image
Accept: image/webp,image/apng,image/*,*/*;q=0.8
Sec-Fetch-Site: same-origin
Sec-Fetch-Mode: no-cors
Referer: http://localhost:8080/
Accept-Encoding: gzip, deflate, br
Accept-Language: en-US,en;q=0.9

" from socket 10
Got "GET /images/05_07.gif HTTP/1.1
Host: localhost:8080
Connection: keep-alive
User-Agent: Mozilla/5.0 (Macintosh; Intel Mac OS X 10_15_0) AppleWebKit/537.36 (KHTML, like Gecko) Chrome/80.0.3987.149 Safari/537.36
Sec-Fetch-Dest: image
Accept: image/webp,image/apng,image/*,*/*;q=0.8
Sec-Fetch-Site: same-origin
Sec-Fetch-Mode: no-cors
Referer: http://localhost:8080/
Accept-Encoding: gzip, deflate, br
Accept-Language: en-US,en;q=0.9

" from socket 9
Got "GET /images/05_04-over.gif HTTP/1.1
Host: localhost:8080
Connection: keep-alive
User-Agent: Mozilla/5.0 (Macintosh; Intel Mac OS X 10_15_0) AppleWebKit/537.36 (KHTML, like Gecko) Chrome/80.0.3987.149 Safari/537.36
Sec-Fetch-Dest: image
Accept: image/webp,image/apng,image/*,*/*;q=0.8
Sec-Fetch-Site: same-origin
Sec-Fetch-Mode: no-cors
Referer: http://localhost:8080/
Accept-Encoding: gzip, deflate, br
Accept-Language: en-US,en;q=0.9

" from socket 9
Got "GET /images/05_04.gif HTTP/1.1
Host: localhost:8080
Connection: keep-alive
User-Agent: Mozilla/5.0 (Macintosh; Intel Mac OS X 10_15_0) AppleWebKit/537.36 (KHTML, like Gecko) Chrome/80.0.3987.149 Safari/537.36
Sec-Fetch-Dest: image
Accept: image/webp,image/apng,image/*,*/*;q=0.8
Sec-Fetch-Site: same-origin
Sec-Fetch-Mode: no-cors
Referer: http://localhost:8080/
Accept-Encoding: gzip, deflate, br
Accept-Language: en-US,en;q=0.9

" from socket 9
Got "GET /images/05_04-over.gif HTTP/1.1
Host: localhost:8080
Connection: keep-alive
User-Agent: Mozilla/5.0 (Macintosh; Intel Mac OS X 10_15_0) AppleWebKit/537.36 (KHTML, like Gecko) Chrome/80.0.3987.149 Safari/537.36
Sec-Fetch-Dest: image
Accept: image/webp,image/apng,image/*,*/*;q=0.8
Sec-Fetch-Site: same-origin
Sec-Fetch-Mode: no-cors
Referer: http://localhost:8080/
Accept-Encoding: gzip, deflate, br
Accept-Language: en-US,en;q=0.9

" from socket 9
Got "GET /images/05_04.gif HTTP/1.1
Host: localhost:8080
Connection: keep-alive
User-Agent: Mozilla/5.0 (Macintosh; Intel Mac OS X 10_15_0) AppleWebKit/537.36 (KHTML, like Gecko) Chrome/80.0.3987.149 Safari/537.36
Sec-Fetch-Dest: image
Accept: image/webp,image/apng,image/*,*/*;q=0.8
Sec-Fetch-Site: same-origin
Sec-Fetch-Mode: no-cors
Referer: http://localhost:8080/
Accept-Encoding: gzip, deflate, br
Accept-Language: en-US,en;q=0.9

" from socket 9
Got "GET /images/05_06-over.gif HTTP/1.1
Host: localhost:8080
Connection: keep-alive
User-Agent: Mozilla/5.0 (Macintosh; Intel Mac OS X 10_15_0) AppleWebKit/537.36 (KHTML, like Gecko) Chrome/80.0.3987.149 Safari/537.36
Sec-Fetch-Dest: image
Accept: image/webp,image/apng,image/*,*/*;q=0.8
Sec-Fetch-Site: same-origin
Sec-Fetch-Mode: no-cors
Referer: http://localhost:8080/
Accept-Encoding: gzip, deflate, br
Accept-Language: en-US,en;q=0.9

" from socket 9
Got "GET /images/05_06.gif HTTP/1.1
Host: localhost:8080
Connection: keep-alive
User-Agent: Mozilla/5.0 (Macintosh; Intel Mac OS X 10_15_0) AppleWebKit/537.36 (KHTML, like Gecko) Chrome/80.0.3987.149 Safari/537.36
Sec-Fetch-Dest: image
Accept: image/webp,image/apng,image/*,*/*;q=0.8
Sec-Fetch-Site: same-origin
Sec-Fetch-Mode: no-cors
Referer: http://localhost:8080/
Accept-Encoding: gzip, deflate, br
Accept-Language: en-US,en;q=0.9

" from socket 9
Got "GET /images/05_07-over.gif HTTP/1.1
Host: localhost:8080
Connection: keep-alive
User-Agent: Mozilla/5.0 (Macintosh; Intel Mac OS X 10_15_0) AppleWebKit/537.36 (KHTML, like Gecko) Chrome/80.0.3987.149 Safari/537.36
Sec-Fetch-Dest: image
Accept: image/webp,image/apng,image/*,*/*;q=0.8
Sec-Fetch-Site: same-origin
Sec-Fetch-Mode: no-cors
Referer: http://localhost:8080/
Accept-Encoding: gzip, deflate, br
Accept-Language: en-US,en;q=0.9

" from socket 9
Got "GET /images/05_07.gif HTTP/1.1
Host: localhost:8080
Connection: keep-alive
User-Agent: Mozilla/5.0 (Macintosh; Intel Mac OS X 10_15_0) AppleWebKit/537.36 (KHTML, like Gecko) Chrome/80.0.3987.149 Safari/537.36
Sec-Fetch-Dest: image
Accept: image/webp,image/apng,image/*,*/*;q=0.8
Sec-Fetch-Site: same-origin
Sec-Fetch-Mode: no-cors
Referer: http://localhost:8080/
Accept-Encoding: gzip, deflate, br
Accept-Language: en-US,en;q=0.9

" from socket 9
Got "GET /images/05_08-over.gif HTTP/1.1
Host: localhost:8080
Connection: keep-alive
User-Agent: Mozilla/5.0 (Macintosh; Intel Mac OS X 10_15_0) AppleWebKit/537.36 (KHTML, like Gecko) Chrome/80.0.3987.149 Safari/537.36
Sec-Fetch-Dest: image
Accept: image/webp,image/apng,image/*,*/*;q=0.8
Sec-Fetch-Site: same-origin
Sec-Fetch-Mode: no-cors
Referer: http://localhost:8080/
Accept-Encoding: gzip, deflate, br
Accept-Language: en-US,en;q=0.9

" from socket 9
Got "GET /images/05_08.gif HTTP/1.1
Host: localhost:8080
Connection: keep-alive
User-Agent: Mozilla/5.0 (Macintosh; Intel Mac OS X 10_15_0) AppleWebKit/537.36 (KHTML, like Gecko) Chrome/80.0.3987.149 Safari/537.36
Sec-Fetch-Dest: image
Accept: image/webp,image/apng,image/*,*/*;q=0.8
Sec-Fetch-Site: same-origin
Sec-Fetch-Mode: no-cors
Referer: http://localhost:8080/
Accept-Encoding: gzip, deflate, br
Accept-Language: en-US,en;q=0.9

" from socket 9
Got "GET /images/05_08-over.gif HTTP/1.1
Host: localhost:8080
Connection: keep-alive
User-Agent: Mozilla/5.0 (Macintosh; Intel Mac OS X 10_15_0) AppleWebKit/537.36 (KHTML, like Gecko) Chrome/80.0.3987.149 Safari/537.36
Sec-Fetch-Dest: image
Accept: image/webp,image/apng,image/*,*/*;q=0.8
Sec-Fetch-Site: same-origin
Sec-Fetch-Mode: no-cors
Referer: http://localhost:8080/
Accept-Encoding: gzip, deflate, br
Accept-Language: en-US,en;q=0.9

" from socket 9
Got "GET /images/05_08.gif HTTP/1.1
Host: localhost:8080
Connection: keep-alive
User-Agent: Mozilla/5.0 (Macintosh; Intel Mac OS X 10_15_0) AppleWebKit/537.36 (KHTML, like Gecko) Chrome/80.0.3987.149 Safari/537.36
Sec-Fetch-Dest: image
Accept: image/webp,image/apng,image/*,*/*;q=0.8
Sec-Fetch-Site: same-origin
Sec-Fetch-Mode: no-cors
Referer: http://localhost:8080/
Accept-Encoding: gzip, deflate, br
Accept-Language: en-US,en;q=0.9

" from socket 9
Got "GET /images/05_07-over.gif HTTP/1.1
Host: localhost:8080
Connection: keep-alive
User-Agent: Mozilla/5.0 (Macintosh; Intel Mac OS X 10_15_0) AppleWebKit/537.36 (KHTML, like Gecko) Chrome/80.0.3987.149 Safari/537.36
Sec-Fetch-Dest: image
Accept: image/webp,image/apng,image/*,*/*;q=0.8
Sec-Fetch-Site: same-origin
Sec-Fetch-Mode: no-cors
Referer: http://localhost:8080/
Accept-Encoding: gzip, deflate, br
Accept-Language: en-US,en;q=0.9

" from socket 9
Got "GET /images/05_07.gif HTTP/1.1
Host: localhost:8080
Connection: keep-alive
User-Agent: Mozilla/5.0 (Macintosh; Intel Mac OS X 10_15_0) AppleWebKit/537.36 (KHTML, like Gecko) Chrome/80.0.3987.149 Safari/537.36
Sec-Fetch-Dest: image
Accept: image/webp,image/apng,image/*,*/*;q=0.8
Sec-Fetch-Site: same-origin
Sec-Fetch-Mode: no-cors
Referer: http://localhost:8080/
Accept-Encoding: gzip, deflate, br
Accept-Language: en-US,en;q=0.9

" from socket 9
Got "GET /images/05_06-over.gif HTTP/1.1
Host: localhost:8080
Connection: keep-alive
User-Agent: Mozilla/5.0 (Macintosh; Intel Mac