got a connection
got a connection
String length = 545 
String length = 462 
Invalid URI: /Users/zakelmi/Documents/github/inet_lab1/images/05_01.gif
got a connection
got a connection
got a connection
got a connection
String length = 462 
Invalid URI: /Users/zakelmi/Documents/github/inet_lab1/images/05_02.gif
String length = 462 
Invalid URI: /Users/zakelmi/Documents/github/inet_lab1/images/05_03.gif
got a connection
String length = 462 
Invalid URI: /Users/zakelmi/Documents/github/inet_lab1/images/05_04.gif
String length = 462 
Invalid URI: /Users/zakelmi/Documents/github/inet_lab1/images/05_05.gif
String length = 462 
Invalid URI: /Users/zakelmi/Documents/github/inet_lab1/images/05_06.gif
got a connection
got a connection
String length = 462 
Invalid URI: /Users/zakelmi/Documents/github/inet_lab1/images/05_07.gif
got a connection
got a connection
String length = 462 
Invalid URI: /Users/zakelmi/Documents/github/inet_lab1/images/05_08.gif
String length = 462 
Invalid URI: /Users/zakelmi/Documents/github/inet_lab1/images/05_09.gif
String length = 462 
Invalid URI: /Users/zakelmi/Documents/github/inet_lab1/images/05_10.gif
got a connection
got a connection
String length = 552 
Invalid URI: /Users/zakelmi/Documents/github/inet_lab1/main.htm
String length = 448 
Invalid URI: /Users/zakelmi/Documents/github/inet_lab1/images/05_04-over.gif
got a connection
got a connection
String length = 448 
Invalid URI: /Users/zakelmi/Documents/github/inet_lab1/images/05_06-over.gif
got a connection
String length = 448 
Invalid URI: /Users/zakelmi/Documents/github/inet_lab1/images/05_07-over.gif
String length = 448 
Invalid URI: /Users/zakelmi/Documents/github/inet_lab1/images/05_08-over.gif
got a connection
String length = 448 
Invalid URI: /Users/zakelmi/Documents/github/inet_lab1/images/05_06-over.gif
got a connection
got a connection
String length = 448 
String length = 443 
Invalid URI: /Users/zakelmi/Documents/github/inet_lab1/images/05_07-over.gif
Invalid URI: /Users/zakelmi/Documents/github/inet_lab1/images/05_06.gif
got a connection
String length = 443 
Invalid URI: /Users/zakelmi/Documents/github/inet_lab1/images/05_07.gif
got a connection
String length = 448 
Invalid URI: /Users/zakelmi/Documents/github/inet_lab1/images/05_04-over.gif
got a connection
String length = 443 
Invalid URI: /Users/zakelmi/Documents/github/inet_lab1/images/05_04.gif
got a connection
String length = 448 
Invalid URI: /Users/zakelmi/Documents/github/inet_lab1/images/05_04-over.gif
got a connection
String length = 443 
Invalid URI: /Users/zakelmi/Documents/github/inet_lab1/images/05_04.gif
got a connection
String length = 448 
Invalid URI: /Users/zakelmi/Documents/github/inet_lab1/images/05_06-over.gif
got a connection
String length = 443 
Invalid URI: /Users/zakelmi/Documents/github/inet_lab1/images/05_06.gif
got a connection
String length = 448 
Invalid URI: /Users/zakelmi/Documents/github/inet_lab1/images/05_07-over.gif
got a connection
String length = 443 
Invalid URI: /Users/zakelmi/Documents/github/inet_lab1/images/05_07.gif
got a connection
String length = 448 
Invalid URI: /Users/zakelmi/Documents/github/inet_lab1/images/05_08-over.gif
got a connection
String length = 443 
Invalid URI: /Users/zakelmi/Documents/github/inet_lab1/images/05_08.gif
got a connection
String length = 448 
Invalid URI: /Users/zakelmi/Documents/github/inet_lab1/images/05_08-over.gif
got a connection
String length = 443 
Invalid URI: /Users/zakelmi/Documents/github/inet_lab1/images/05_08.gif
got a connection
String length = 448 
Invalid URI: /Users/zakelmi/Documents/github/inet_lab1/images/05_07-over.gif
got a connection
got a connection
String length = 443 
Invalid URI: /Users/zakelmi/Documents/github/inet_lab1/images/05_07.gif
String length = 448 
Invalid URI: /Users/zakelmi/Documents/github/inet_lab1/images/05_06-over.gif
got a connection
got a connection
String length = 443 
Invalid URI: /Users/zakelmi/Documents/github/inet_lab1/images/05_06.gif
String length = 448 
Invalid URI: /Users/zakelmi/Documents/github/inet_lab1/images/05_04-over.gif
got a connection
String length = 443 
Invalid URI: /Users/zakelmi/Documents/github/inet_lab1/images/05_04.gif
